<?xml version="1.0" encoding="UTF-8"?>
<!-- Generated by org.testng.reporters.JUnitReportReporter -->
<testsuite skipped="0" hostname="Manuels-MacBook-Pro.local" name="com.avis.tests.AvisTests" tests="1" failures="0" timestamp="05 May 2019 07:32:57 GMT" time="23.532" errors="0">
  <testcase name="findCar" time="23.532" classname="com.avis.tests.AvisTests"/>
</testsuite> <!-- com.avis.tests.AvisTests -->
